

Started GET "/assets/rails.png" for 127.0.0.1 at Sun May 13 16:06:30 +0530 2012
Served asset /rails.png - 200 OK (6ms)


Started GET "/" for 127.0.0.1 at Sun May 13 16:09:10 +0530 2012
Processing by HomeController#index as HTML
  Rendered home/index.html.erb within layouts/application (0.9ms)
Compiled game.css  (3ms)  (pid 1629)
Compiled home.css  (1ms)  (pid 1629)
Compiled application.css  (48ms)  (pid 1629)
Compiled jquery.js  (5ms)  (pid 1629)
Compiled jquery_ujs.js  (0ms)  (pid 1629)
Compiled game.js  (92ms)  (pid 1629)
Compiled home.js  (53ms)  (pid 1629)
Compiled application.js  (188ms)  (pid 1629)
Completed 200 OK in 277ms (Views: 276.7ms | ActiveRecord: 0.0ms)


Started GET "/assets/application.css?body=1" for 127.0.0.1 at Sun May 13 16:09:10 +0530 2012
Served asset /application.css - 200 OK (42ms)


Started GET "/assets/game.css?body=1" for 127.0.0.1 at Sun May 13 16:09:10 +0530 2012
Served asset /game.css - 200 OK (1ms)


Started GET "/assets/home.css?body=1" for 127.0.0.1 at Sun May 13 16:09:10 +0530 2012
Served asset /home.css - 200 OK (1ms)


Started GET "/assets/jquery.js?body=1" for 127.0.0.1 at Sun May 13 16:09:10 +0530 2012
Served asset /jquery.js - 200 OK (2ms)


Started GET "/assets/jquery_ujs.js?body=1" for 127.0.0.1 at Sun May 13 16:09:10 +0530 2012
Served asset /jquery_ujs.js - 200 OK (2ms)


Started GET "/assets/game.js?body=1" for 127.0.0.1 at Sun May 13 16:09:10 +0530 2012
Served asset /game.js - 200 OK (1ms)


Started GET "/assets/home.js?body=1" for 127.0.0.1 at Sun May 13 16:09:10 +0530 2012
Served asset /home.js - 200 OK (1ms)


Started GET "/assets/application.js?body=1" for 127.0.0.1 at Sun May 13 16:09:10 +0530 2012
Served asset /application.js - 200 OK (7ms)


Started GET "/" for 127.0.0.1 at Sun May 13 16:27:20 +0530 2012
Processing by HomeController#index as HTML
  Rendered home/index.html.erb within layouts/application (0.9ms)
Compiled game.css  (3ms)  (pid 1811)
Compiled home.css  (1ms)  (pid 1811)
Compiled application.css  (49ms)  (pid 1811)
Compiled jquery.js  (4ms)  (pid 1811)
Compiled jquery_ujs.js  (0ms)  (pid 1811)
Compiled game.js  (87ms)  (pid 1811)
Compiled home.js  (52ms)  (pid 1811)
Compiled application.js  (179ms)  (pid 1811)
Completed 200 OK in 270ms (Views: 269.3ms | ActiveRecord: 0.0ms)


Started GET "/assets/application.css?body=1" for 127.0.0.1 at Sun May 13 16:27:20 +0530 2012
Served asset /application.css - 304 Not Modified (5ms)


Started GET "/assets/game.css?body=1" for 127.0.0.1 at Sun May 13 16:27:20 +0530 2012
Served asset /game.css - 304 Not Modified (3ms)


Started GET "/assets/home.css?body=1" for 127.0.0.1 at Sun May 13 16:27:20 +0530 2012
Served asset /home.css - 304 Not Modified (1ms)


Started GET "/assets/jquery.js?body=1" for 127.0.0.1 at Sun May 13 16:27:20 +0530 2012
Served asset /jquery.js - 304 Not Modified (43ms)


Started GET "/assets/jquery_ujs.js?body=1" for 127.0.0.1 at Sun May 13 16:27:20 +0530 2012
Served asset /jquery_ujs.js - 304 Not Modified (3ms)


Started GET "/assets/game.js?body=1" for 127.0.0.1 at Sun May 13 16:27:20 +0530 2012
Served asset /game.js - 304 Not Modified (1ms)


Started GET "/assets/home.js?body=1" for 127.0.0.1 at Sun May 13 16:27:20 +0530 2012
Served asset /home.js - 304 Not Modified (1ms)


Started GET "/assets/application.js?body=1" for 127.0.0.1 at Sun May 13 16:27:20 +0530 2012
Served asset /application.js - 304 Not Modified (6ms)
